<?xml version="1.0" encoding="UTF-8"?>
<testsuites name="jest tests" tests="11" failures="0" errors="0" time="1.344">
  <testsuite name="getDrupalSearchResults()" errors="0" failures="0" skipped="0" timestamp="2023-05-03T15:54:56" time="1.039" tests="4">
    <testcase classname="getDrupalSearchResults() should return matching search results from the default index" name="getDrupalSearchResults() should return matching search results from the default index" time="0.006">
    </testcase>
    <testcase classname="getDrupalSearchResults() should return matching search results from a unique index" name="getDrupalSearchResults() should return matching search results from a unique index" time="0.002">
    </testcase>
    <testcase classname="getDrupalSearchResults() should throw an error if the query fails" name="getDrupalSearchResults() should throw an error if the query fails" time="0.002">
    </testcase>
    <testcase classname="getDrupalSearchResults() Confirm that cache control header is set" name="getDrupalSearchResults() Confirm that cache control header is set" time="0.001">
    </testcase>
  </testsuite>
  <testsuite name="drupalState" errors="0" failures="0" skipped="0" timestamp="2023-05-03T15:54:56" time="1.082" tests="7">
    <testcase classname="drupalState Fetch resource if it does not exist in state" name="drupalState Fetch resource if it does not exist in state" time="0.009">
    </testcase>
    <testcase classname="drupalState Fetch API index and object if they do not exist in local storage" name="drupalState Fetch API index and object if they do not exist in local storage" time="0.006">
    </testcase>
    <testcase classname="drupalState Fetch resource with authentication" name="drupalState Fetch resource with authentication" time="0.006">
    </testcase>
    <testcase classname="drupalState Fetch resource object if they do not exist in local storage" name="drupalState Fetch resource object if they do not exist in local storage" time="0.002">
    </testcase>
    <testcase classname="drupalState Custom onError handler should be called if an error is thrown" name="drupalState Custom onError handler should be called if an error is thrown" time="0.002">
    </testcase>
    <testcase classname="drupalState Confirm that cache control header is set if response object is provided" name="drupalState Confirm that cache control header is set if response object is provided" time="0.002">
    </testcase>
    <testcase classname="drupalState Fetch object with params" name="drupalState Fetch object with params" time="0.004">
    </testcase>
  </testsuite>
</testsuites>